<?xml version="1.0" encoding="UTF-8"?>
<!-- Generated by org.testng.reporters.JUnitReportReporter -->
<testsuite hostname="Bariur-W" failures="0" tests="2" name="wiki.runner.Wikipedia_FeatureRunner" time="23.773" errors="0" timestamp="14 Jun 2023 01:07:49 GMT" skipped="0">
  <testcase classname="wiki.runner.Wikipedia_FeatureRunner" name="runScenario" time="5.186"/>
  <testcase classname="wiki.runner.Wikipedia_FeatureRunner" name="runScenario" time="18.587"/>
</testsuite> <!-- wiki.runner.Wikipedia_FeatureRunner -->
