<?xml version="1.0" encoding="UTF-8"?>
<!-- Generated by org.testng.reporters.JUnitReportReporter -->
<testsuite hostname="Bariur-W" failures="0" tests="2" name="wiki.runner.Wikipedia_FeatureRunner" time="23.396" errors="0" timestamp="13 Jun 2023 14:43:33 GMT" skipped="0">
  <testcase classname="wiki.runner.Wikipedia_FeatureRunner" name="runScenario" time="5.097"/>
  <testcase classname="wiki.runner.Wikipedia_FeatureRunner" name="runScenario" time="18.299"/>
</testsuite> <!-- wiki.runner.Wikipedia_FeatureRunner -->
